<?xml version="1.0" encoding="UTF-8"?>
<testng-results skipped="0" failed="0" ignored="0" total="1" passed="1">
  <reporter-output>
  </reporter-output>
  <suite name="Default suite" duration-ms="15043" started-at="2020-05-09T07:36:51Z" finished-at="2020-05-09T07:37:06Z">
    <groups>
    </groups>
    <test name="Default test" duration-ms="15043" started-at="2020-05-09T07:36:51Z" finished-at="2020-05-09T07:37:06Z">
      <class name="SeleniumAssignment.InputForm.ContactUsInputFormTest">
        <test-method status="PASS" signature="logSetUp()[pri:0, instance:SeleniumAssignment.InputForm.ContactUsInputFormTest@214b199c]" name="logSetUp" is-config="true" duration-ms="63" started-at="2020-05-09T03:36:51Z" finished-at="2020-05-09T03:36:51Z">
          <reporter-output>
          </reporter-output>
        </test-method> <!-- logSetUp -->
        <test-method status="PASS" signature="setup()[pri:0, instance:SeleniumAssignment.InputForm.ContactUsInputFormTest@214b199c]" name="setup" is-config="true" duration-ms="12136" started-at="2020-05-09T03:36:51Z" finished-at="2020-05-09T03:37:03Z">
          <reporter-output>
          </reporter-output>
        </test-method> <!-- setup -->
        <test-method status="PASS" signature="fillFormTest()[pri:0, instance:SeleniumAssignment.InputForm.ContactUsInputFormTest@214b199c]" name="fillFormTest" duration-ms="2107" started-at="2020-05-09T03:37:03Z" finished-at="2020-05-09T03:37:05Z">
          <reporter-output>
          </reporter-output>
        </test-method> <!-- fillFormTest -->
        <test-method status="PASS" signature="tearDown()[pri:0, instance:SeleniumAssignment.InputForm.ContactUsInputFormTest@214b199c]" name="tearDown" is-config="true" duration-ms="722" started-at="2020-05-09T03:37:05Z" finished-at="2020-05-09T03:37:06Z">
          <reporter-output>
          </reporter-output>
        </test-method> <!-- tearDown -->
      </class> <!-- SeleniumAssignment.InputForm.ContactUsInputFormTest -->
    </test> <!-- Default test -->
  </suite> <!-- Default suite -->
</testng-results>
